Analysis & Synthesis report for multiplier2
Mon Nov 09 22:15:43 2020
Quartus II 64-Bit Version 13.0.0 Build 156 04/24/2013 SJ Web Edition


---------------------
; Table of Contents ;
---------------------
  1. Legal Notice
  2. Analysis & Synthesis Summary
  3. Analysis & Synthesis Settings
  4. Parallel Compilation
  5. Analysis & Synthesis Source Files Read
  6. Analysis & Synthesis Resource Usage Summary
  7. Analysis & Synthesis Resource Utilization by Entity
  8. State Machine - |multiplier2|bc:blocoControle|state
  9. Registers Removed During Synthesis
 10. Removed Registers Triggering Further Register Optimizations
 11. General Register Statistics
 12. Parameter Settings for User Entity Instance: Top-level Entity: |multiplier2
 13. Parameter Settings for User Entity Instance: bo:blocoOperativo
 14. Parameter Settings for User Entity Instance: bo:blocoOperativo|rbitshift:rbitshiftA
 15. Parameter Settings for User Entity Instance: bo:blocoOperativo|mux2para1:muxA
 16. Parameter Settings for User Entity Instance: bo:blocoOperativo|registrador:regA
 17. Parameter Settings for User Entity Instance: bo:blocoOperativo|registrador:regB
 18. Parameter Settings for User Entity Instance: bo:blocoOperativo|somadorsubtrator:adderPHB
 19. Parameter Settings for User Entity Instance: bo:blocoOperativo|registrador:regPH
 20. Parameter Settings for User Entity Instance: bo:blocoOperativo|rbitshift:rbitshiftP
 21. Parameter Settings for User Entity Instance: bo:blocoOperativo|registrador:regP
 22. Parameter Settings for User Entity Instance: bo:blocoOperativo|somadorsubtrator:minusCont
 23. Parameter Settings for User Entity Instance: bo:blocoOperativo|mux2para1:muxCont
 24. Parameter Settings for User Entity Instance: bo:blocoOperativo|registrador:regCont
 25. Parameter Settings for User Entity Instance: bo:blocoOperativo|registrador:regMult
 26. Parameter Settings for User Entity Instance: bo:blocoOperativo|igualazero:compAZero
 27. Parameter Settings for User Entity Instance: bo:blocoOperativo|igualazero:compBZero
 28. Parameter Settings for User Entity Instance: bo:blocoOperativo|igualazero:compContZero
 29. Port Connectivity Checks: "bo:blocoOperativo|registrador:regMult"
 30. Port Connectivity Checks: "bo:blocoOperativo|registrador:regCont"
 31. Port Connectivity Checks: "bo:blocoOperativo|mux2para1:muxCont"
 32. Port Connectivity Checks: "bo:blocoOperativo|somadorsubtrator:minusCont"
 33. Port Connectivity Checks: "bo:blocoOperativo|registrador:regPH"
 34. Port Connectivity Checks: "bo:blocoOperativo|somadorsubtrator:adderPHB"
 35. Port Connectivity Checks: "bo:blocoOperativo|registrador:regB"
 36. Port Connectivity Checks: "bo:blocoOperativo|registrador:regA"
 37. Elapsed Time Per Partition
 38. Analysis & Synthesis Messages



----------------
; Legal Notice ;
----------------
Copyright (C) 1991-2013 Altera Corporation
Your use of Altera Corporation's design tools, logic functions 
and other software and tools, and its AMPP partner logic 
functions, and any output files from any of the foregoing 
(including device programming or simulation files), and any 
associated documentation or information are expressly subject 
to the terms and conditions of the Altera Program License 
Subscription Agreement, Altera MegaCore Function License 
Agreement, or other applicable license agreement, including, 
without limitation, that your use is for the sole purpose of 
programming logic devices manufactured by Altera and sold by 
Altera or its authorized distributors.  Please refer to the 
applicable agreement for further details.



+---------------------------------------------------------------------------------+
; Analysis & Synthesis Summary                                                    ;
+------------------------------------+--------------------------------------------+
; Analysis & Synthesis Status        ; Successful - Mon Nov 09 22:15:43 2020      ;
; Quartus II 64-Bit Version          ; 13.0.0 Build 156 04/24/2013 SJ Web Edition ;
; Revision Name                      ; multiplier2                                ;
; Top-level Entity Name              ; multiplier2                                ;
; Family                             ; Cyclone II                                 ;
; Total logic elements               ; 0                                          ;
;     Total combinational functions  ; 0                                          ;
;     Dedicated logic registers      ; 0                                          ;
; Total registers                    ; 0                                          ;
; Total pins                         ; 36                                         ;
; Total virtual pins                 ; 0                                          ;
; Total memory bits                  ; 0                                          ;
; Embedded Multiplier 9-bit elements ; 0                                          ;
; Total PLLs                         ; 0                                          ;
+------------------------------------+--------------------------------------------+


+----------------------------------------------------------------------------------------------------------------------+
; Analysis & Synthesis Settings                                                                                        ;
+----------------------------------------------------------------------------+--------------------+--------------------+
; Option                                                                     ; Setting            ; Default Value      ;
+----------------------------------------------------------------------------+--------------------+--------------------+
; Device                                                                     ; EP2C35F672C6       ;                    ;
; Top-level entity name                                                      ; multiplier2        ; multiplier2        ;
; Family name                                                                ; Cyclone II         ; Cyclone IV GX      ;
; Use smart compilation                                                      ; Off                ; Off                ;
; Enable parallel Assembler and TimeQuest Timing Analyzer during compilation ; On                 ; On                 ;
; Enable compact report table                                                ; Off                ; Off                ;
; Restructure Multiplexers                                                   ; Auto               ; Auto               ;
; Create Debugging Nodes for IP Cores                                        ; Off                ; Off                ;
; Preserve fewer node names                                                  ; On                 ; On                 ;
; Disable OpenCore Plus hardware evaluation                                  ; Off                ; Off                ;
; Verilog Version                                                            ; Verilog_2001       ; Verilog_2001       ;
; VHDL Version                                                               ; VHDL_1993          ; VHDL_1993          ;
; State Machine Processing                                                   ; Auto               ; Auto               ;
; Safe State Machine                                                         ; Off                ; Off                ;
; Extract Verilog State Machines                                             ; On                 ; On                 ;
; Extract VHDL State Machines                                                ; On                 ; On                 ;
; Ignore Verilog initial constructs                                          ; Off                ; Off                ;
; Iteration limit for constant Verilog loops                                 ; 5000               ; 5000               ;
; Iteration limit for non-constant Verilog loops                             ; 250                ; 250                ;
; Add Pass-Through Logic to Inferred RAMs                                    ; On                 ; On                 ;
; Infer RAMs from Raw Logic                                                  ; On                 ; On                 ;
; Parallel Synthesis                                                         ; On                 ; On                 ;
; DSP Block Balancing                                                        ; Auto               ; Auto               ;
; NOT Gate Push-Back                                                         ; On                 ; On                 ;
; Power-Up Don't Care                                                        ; On                 ; On                 ;
; Remove Redundant Logic Cells                                               ; Off                ; Off                ;
; Remove Duplicate Registers                                                 ; On                 ; On                 ;
; Ignore CARRY Buffers                                                       ; Off                ; Off                ;
; Ignore CASCADE Buffers                                                     ; Off                ; Off                ;
; Ignore GLOBAL Buffers                                                      ; Off                ; Off                ;
; Ignore ROW GLOBAL Buffers                                                  ; Off                ; Off                ;
; Ignore LCELL Buffers                                                       ; Off                ; Off                ;
; Ignore SOFT Buffers                                                        ; On                 ; On                 ;
; Limit AHDL Integers to 32 Bits                                             ; Off                ; Off                ;
; Optimization Technique                                                     ; Balanced           ; Balanced           ;
; Carry Chain Length                                                         ; 70                 ; 70                 ;
; Auto Carry Chains                                                          ; On                 ; On                 ;
; Auto Open-Drain Pins                                                       ; On                 ; On                 ;
; Perform WYSIWYG Primitive Resynthesis                                      ; Off                ; Off                ;
; Auto ROM Replacement                                                       ; On                 ; On                 ;
; Auto RAM Replacement                                                       ; On                 ; On                 ;
; Auto Shift Register Replacement                                            ; Auto               ; Auto               ;
; Allow Shift Register Merging across Hierarchies                            ; Auto               ; Auto               ;
; Auto Clock Enable Replacement                                              ; On                 ; On                 ;
; Strict RAM Replacement                                                     ; Off                ; Off                ;
; Allow Synchronous Control Signals                                          ; On                 ; On                 ;
; Force Use of Synchronous Clear Signals                                     ; Off                ; Off                ;
; Auto RAM to Logic Cell Conversion                                          ; Off                ; Off                ;
; Auto Resource Sharing                                                      ; Off                ; Off                ;
; Allow Any RAM Size For Recognition                                         ; Off                ; Off                ;
; Allow Any ROM Size For Recognition                                         ; Off                ; Off                ;
; Allow Any Shift Register Size For Recognition                              ; Off                ; Off                ;
; Use LogicLock Constraints during Resource Balancing                        ; On                 ; On                 ;
; Ignore translate_off and synthesis_off directives                          ; Off                ; Off                ;
; Timing-Driven Synthesis                                                    ; Off                ; Off                ;
; Report Parameter Settings                                                  ; On                 ; On                 ;
; Report Source Assignments                                                  ; On                 ; On                 ;
; Report Connectivity Checks                                                 ; On                 ; On                 ;
; Ignore Maximum Fan-Out Assignments                                         ; Off                ; Off                ;
; Synchronization Register Chain Length                                      ; 2                  ; 2                  ;
; PowerPlay Power Optimization                                               ; Normal compilation ; Normal compilation ;
; HDL message level                                                          ; Level2             ; Level2             ;
; Suppress Register Optimization Related Messages                            ; Off                ; Off                ;
; Number of Removed Registers Reported in Synthesis Report                   ; 5000               ; 5000               ;
; Number of Swept Nodes Reported in Synthesis Report                         ; 5000               ; 5000               ;
; Number of Inverted Registers Reported in Synthesis Report                  ; 100                ; 100                ;
; Clock MUX Protection                                                       ; On                 ; On                 ;
; Auto Gated Clock Conversion                                                ; Off                ; Off                ;
; Block Design Naming                                                        ; Auto               ; Auto               ;
; SDC constraint protection                                                  ; Off                ; Off                ;
; Synthesis Effort                                                           ; Auto               ; Auto               ;
; Shift Register Replacement - Allow Asynchronous Clear Signal               ; On                 ; On                 ;
; Pre-Mapping Resynthesis Optimization                                       ; Off                ; Off                ;
; Analysis & Synthesis Message Level                                         ; Medium             ; Medium             ;
; Disable Register Merging Across Hierarchies                                ; Auto               ; Auto               ;
; Resource Aware Inference For Block RAM                                     ; On                 ; On                 ;
; Synthesis Seed                                                             ; 1                  ; 1                  ;
+----------------------------------------------------------------------------+--------------------+--------------------+


Parallel compilation was disabled, but you have multiple processors available. Enable parallel compilation to reduce compilation time.
+-------------------------------------+
; Parallel Compilation                ;
+----------------------------+--------+
; Processors                 ; Number ;
+----------------------------+--------+
; Number detected on machine ; 12     ;
; Maximum allowed            ; 1      ;
+----------------------------+--------+


+---------------------------------------------------------------------------------------------------------------------------------------------------------------+
; Analysis & Synthesis Source Files Read                                                                                                                        ;
+----------------------------------+-----------------+-----------------+------------------------------------------------------------------------------+---------+
; File Name with User-Entered Path ; Used in Netlist ; File Type       ; File Name with Absolute Path                                                 ; Library ;
+----------------------------------+-----------------+-----------------+------------------------------------------------------------------------------+---------+
; multiplier2.vhd                  ; yes             ; User VHDL File  ; D:/Git_Desktop_Files/trabalho-multiplicador/multiplier2/multiplier2.vhd      ;         ;
; somadorsubtrator.vhd             ; yes             ; User VHDL File  ; D:/Git_Desktop_Files/trabalho-multiplicador/multiplier2/somadorsubtrator.vhd ;         ;
; registrador.vhd                  ; yes             ; User VHDL File  ; D:/Git_Desktop_Files/trabalho-multiplicador/multiplier2/registrador.vhd      ;         ;
; rbitshift.vhd                    ; yes             ; User VHDL File  ; D:/Git_Desktop_Files/trabalho-multiplicador/multiplier2/rbitshift.vhd        ;         ;
; mux2para1.vhd                    ; yes             ; User VHDL File  ; D:/Git_Desktop_Files/trabalho-multiplicador/multiplier2/mux2para1.vhd        ;         ;
; multiplier2_pkg.vhd              ; yes             ; User VHDL File  ; D:/Git_Desktop_Files/trabalho-multiplicador/multiplier2/multiplier2_pkg.vhd  ;         ;
; igualazero.vhd                   ; yes             ; User VHDL File  ; D:/Git_Desktop_Files/trabalho-multiplicador/multiplier2/igualazero.vhd       ;         ;
; igualaum.vhd                     ; yes             ; User VHDL File  ; D:/Git_Desktop_Files/trabalho-multiplicador/multiplier2/igualaum.vhd         ;         ;
; bo.vhd                           ; yes             ; User VHDL File  ; D:/Git_Desktop_Files/trabalho-multiplicador/multiplier2/bo.vhd               ;         ;
; bc.vhd                           ; yes             ; User VHDL File  ; D:/Git_Desktop_Files/trabalho-multiplicador/multiplier2/bc.vhd               ;         ;
+----------------------------------+-----------------+-----------------+------------------------------------------------------------------------------+---------+


+-----------------------------------------------------+
; Analysis & Synthesis Resource Usage Summary         ;
+---------------------------------------------+-------+
; Resource                                    ; Usage ;
+---------------------------------------------+-------+
;                                             ;       ;
; Total combinational functions               ; 0     ;
; Logic element usage by number of LUT inputs ;       ;
;     -- 4 input functions                    ; 0     ;
;     -- 3 input functions                    ; 0     ;
;     -- <=2 input functions                  ; 0     ;
;                                             ;       ;
; Logic elements by mode                      ;       ;
;     -- normal mode                          ; 0     ;
;     -- arithmetic mode                      ; 0     ;
;                                             ;       ;
; Total registers                             ; 0     ;
;     -- Dedicated logic registers            ; 0     ;
;     -- I/O registers                        ; 0     ;
;                                             ;       ;
; I/O pins                                    ; 36    ;
; Embedded Multiplier 9-bit elements          ; 0     ;
+---------------------------------------------+-------+


+-----------------------------------------------------------------------------------------------------------------------------------------------------------------------------+
; Analysis & Synthesis Resource Utilization by Entity                                                                                                                         ;
+----------------------------+-------------------+--------------+-------------+--------------+---------+-----------+------+--------------+---------------------+--------------+
; Compilation Hierarchy Node ; LC Combinationals ; LC Registers ; Memory Bits ; DSP Elements ; DSP 9x9 ; DSP 18x18 ; Pins ; Virtual Pins ; Full Hierarchy Name ; Library Name ;
+----------------------------+-------------------+--------------+-------------+--------------+---------+-----------+------+--------------+---------------------+--------------+
; |multiplier2               ; 0 (0)             ; 0 (0)        ; 0           ; 0            ; 0       ; 0         ; 36   ; 0            ; |multiplier2        ;              ;
+----------------------------+-------------------+--------------+-------------+--------------+---------+-----------+------+--------------+---------------------+--------------+
Note: For table entries with two numbers listed, the numbers in parentheses indicate the number of resources of the given type used by the specific entity alone. The numbers listed outside of parentheses indicate the total resources of the given type used by the specific entity and all of its sub-entities in the hierarchy.


Encoding Type:  One-Hot
+---------------------------------------------------------------------------------------+
; State Machine - |multiplier2|bc:blocoControle|state                                   ;
+----------+----------+----------+----------+----------+----------+----------+----------+
; Name     ; state.S6 ; state.S5 ; state.S4 ; state.S3 ; state.S2 ; state.S1 ; state.S0 ;
+----------+----------+----------+----------+----------+----------+----------+----------+
; state.S0 ; 0        ; 0        ; 0        ; 0        ; 0        ; 0        ; 0        ;
; state.S1 ; 0        ; 0        ; 0        ; 0        ; 0        ; 1        ; 1        ;
; state.S2 ; 0        ; 0        ; 0        ; 0        ; 1        ; 0        ; 1        ;
; state.S3 ; 0        ; 0        ; 0        ; 1        ; 0        ; 0        ; 1        ;
; state.S4 ; 0        ; 0        ; 1        ; 0        ; 0        ; 0        ; 1        ;
; state.S5 ; 0        ; 1        ; 0        ; 0        ; 0        ; 0        ; 1        ;
; state.S6 ; 1        ; 0        ; 0        ; 0        ; 0        ; 0        ; 1        ;
+----------+----------+----------+----------+----------+----------+----------+----------+


+-----------------------------------------------------------------------------------------------------+
; Registers Removed During Synthesis                                                                  ;
+-----------------------------------------------+-----------------------------------------------------+
; Register name                                 ; Reason for Removal                                  ;
+-----------------------------------------------+-----------------------------------------------------+
; bo:blocoOperativo|registrador:regP|q[7]       ; Stuck at GND due to stuck port data_in              ;
; bo:blocoOperativo|registrador:regMult|q[7]    ; Stuck at GND due to stuck port data_in              ;
; bo:blocoOperativo|registrador:regP|q[1..6]    ; Merged with bo:blocoOperativo|registrador:regP|q[0] ;
; bo:blocoOperativo|registrador:regP|q[0]       ; Stuck at GND due to stuck port data_in              ;
; bo:blocoOperativo|registrador:regMult|q[0..6] ; Stuck at GND due to stuck port data_in              ;
; bo:blocoOperativo|registrador:regB|q[0..7]    ; Lost fanout                                         ;
; bo:blocoOperativo|registrador:regA|q[0..7]    ; Lost fanout                                         ;
; bo:blocoOperativo|registrador:regCont|q[0..7] ; Lost fanout                                         ;
; bc:blocoControle|state.S0                     ; Lost fanout                                         ;
; bc:blocoControle|state.S1                     ; Lost fanout                                         ;
; bc:blocoControle|state.S2                     ; Lost fanout                                         ;
; bc:blocoControle|state.S3                     ; Lost fanout                                         ;
; bc:blocoControle|state.S4                     ; Lost fanout                                         ;
; bc:blocoControle|state.S5                     ; Lost fanout                                         ;
; bc:blocoControle|state.S6                     ; Lost fanout                                         ;
; Total Number of Removed Registers = 47        ;                                                     ;
+-----------------------------------------------+-----------------------------------------------------+


+----------------------------------------------------------------------------------------------------------------------+
; Removed Registers Triggering Further Register Optimizations                                                          ;
+--------------------------------------------+---------------------------+---------------------------------------------+
; Register name                              ; Reason for Removal        ; Registers Removed due to This Register      ;
+--------------------------------------------+---------------------------+---------------------------------------------+
; bo:blocoOperativo|registrador:regP|q[0]    ; Stuck at GND              ; bo:blocoOperativo|registrador:regMult|q[0], ;
;                                            ; due to stuck port data_in ; bo:blocoOperativo|registrador:regMult|q[1], ;
;                                            ;                           ; bo:blocoOperativo|registrador:regMult|q[2], ;
;                                            ;                           ; bo:blocoOperativo|registrador:regMult|q[3], ;
;                                            ;                           ; bo:blocoOperativo|registrador:regMult|q[4], ;
;                                            ;                           ; bo:blocoOperativo|registrador:regMult|q[5], ;
;                                            ;                           ; bo:blocoOperativo|registrador:regMult|q[6]  ;
; bo:blocoOperativo|registrador:regCont|q[0] ; Lost Fanouts              ; bo:blocoOperativo|registrador:regCont|q[1], ;
;                                            ;                           ; bo:blocoOperativo|registrador:regCont|q[2], ;
;                                            ;                           ; bo:blocoOperativo|registrador:regCont|q[3]  ;
; bo:blocoOperativo|registrador:regP|q[7]    ; Stuck at GND              ; bo:blocoOperativo|registrador:regMult|q[7], ;
;                                            ; due to stuck port data_in ; bo:blocoOperativo|registrador:regA|q[0]     ;
; bo:blocoOperativo|registrador:regA|q[7]    ; Lost Fanouts              ; bc:blocoControle|state.S5                   ;
+--------------------------------------------+---------------------------+---------------------------------------------+


+------------------------------------------------------+
; General Register Statistics                          ;
+----------------------------------------------+-------+
; Statistic                                    ; Value ;
+----------------------------------------------+-------+
; Total registers                              ; 0     ;
; Number of registers using Synchronous Clear  ; 0     ;
; Number of registers using Synchronous Load   ; 0     ;
; Number of registers using Asynchronous Clear ; 0     ;
; Number of registers using Asynchronous Load  ; 0     ;
; Number of registers using Clock Enable       ; 0     ;
; Number of registers using Preset             ; 0     ;
+----------------------------------------------+-------+


+-----------------------------------------------------------------------------+
; Parameter Settings for User Entity Instance: Top-level Entity: |multiplier2 ;
+----------------+-------+----------------------------------------------------+
; Parameter Name ; Value ; Type                                               ;
+----------------+-------+----------------------------------------------------+
; N              ; 8     ; Signed Integer                                     ;
+----------------+-------+----------------------------------------------------+
Note: In order to hide this table in the UI and the text report file, please set the "Show Parameter Settings in Synthesis Report" option in "Analysis and Synthesis Settings -> More Settings" to "Off".


+----------------------------------------------------------------+
; Parameter Settings for User Entity Instance: bo:blocoOperativo ;
+----------------+-------+---------------------------------------+
; Parameter Name ; Value ; Type                                  ;
+----------------+-------+---------------------------------------+
; n              ; 8     ; Signed Integer                        ;
+----------------+-------+---------------------------------------+
Note: In order to hide this table in the UI and the text report file, please set the "Show Parameter Settings in Synthesis Report" option in "Analysis and Synthesis Settings -> More Settings" to "Off".


+-------------------------------------------------------------------------------------+
; Parameter Settings for User Entity Instance: bo:blocoOperativo|rbitshift:rbitshiftA ;
+----------------+-------+------------------------------------------------------------+
; Parameter Name ; Value ; Type                                                       ;
+----------------+-------+------------------------------------------------------------+
; n              ; 8     ; Signed Integer                                             ;
+----------------+-------+------------------------------------------------------------+
Note: In order to hide this table in the UI and the text report file, please set the "Show Parameter Settings in Synthesis Report" option in "Analysis and Synthesis Settings -> More Settings" to "Off".


+-------------------------------------------------------------------------------+
; Parameter Settings for User Entity Instance: bo:blocoOperativo|mux2para1:muxA ;
+----------------+-------+------------------------------------------------------+
; Parameter Name ; Value ; Type                                                 ;
+----------------+-------+------------------------------------------------------+
; n              ; 8     ; Signed Integer                                       ;
+----------------+-------+------------------------------------------------------+
Note: In order to hide this table in the UI and the text report file, please set the "Show Parameter Settings in Synthesis Report" option in "Analysis and Synthesis Settings -> More Settings" to "Off".


+---------------------------------------------------------------------------------+
; Parameter Settings for User Entity Instance: bo:blocoOperativo|registrador:regA ;
+----------------+-------+--------------------------------------------------------+
; Parameter Name ; Value ; Type                                                   ;
+----------------+-------+--------------------------------------------------------+
; n              ; 8     ; Signed Integer                                         ;
+----------------+-------+--------------------------------------------------------+
Note: In order to hide this table in the UI and the text report file, please set the "Show Parameter Settings in Synthesis Report" option in "Analysis and Synthesis Settings -> More Settings" to "Off".


+---------------------------------------------------------------------------------+
; Parameter Settings for User Entity Instance: bo:blocoOperativo|registrador:regB ;
+----------------+-------+--------------------------------------------------------+
; Parameter Name ; Value ; Type                                                   ;
+----------------+-------+--------------------------------------------------------+
; n              ; 8     ; Signed Integer                                         ;
+----------------+-------+--------------------------------------------------------+
Note: In order to hide this table in the UI and the text report file, please set the "Show Parameter Settings in Synthesis Report" option in "Analysis and Synthesis Settings -> More Settings" to "Off".


+------------------------------------------------------------------------------------------+
; Parameter Settings for User Entity Instance: bo:blocoOperativo|somadorsubtrator:adderPHB ;
+----------------+-------+-----------------------------------------------------------------+
; Parameter Name ; Value ; Type                                                            ;
+----------------+-------+-----------------------------------------------------------------+
; n              ; 8     ; Signed Integer                                                  ;
+----------------+-------+-----------------------------------------------------------------+
Note: In order to hide this table in the UI and the text report file, please set the "Show Parameter Settings in Synthesis Report" option in "Analysis and Synthesis Settings -> More Settings" to "Off".


+----------------------------------------------------------------------------------+
; Parameter Settings for User Entity Instance: bo:blocoOperativo|registrador:regPH ;
+----------------+-------+---------------------------------------------------------+
; Parameter Name ; Value ; Type                                                    ;
+----------------+-------+---------------------------------------------------------+
; n              ; 8     ; Signed Integer                                          ;
+----------------+-------+---------------------------------------------------------+
Note: In order to hide this table in the UI and the text report file, please set the "Show Parameter Settings in Synthesis Report" option in "Analysis and Synthesis Settings -> More Settings" to "Off".


+-------------------------------------------------------------------------------------+
; Parameter Settings for User Entity Instance: bo:blocoOperativo|rbitshift:rbitshiftP ;
+----------------+-------+------------------------------------------------------------+
; Parameter Name ; Value ; Type                                                       ;
+----------------+-------+------------------------------------------------------------+
; n              ; 8     ; Signed Integer                                             ;
+----------------+-------+------------------------------------------------------------+
Note: In order to hide this table in the UI and the text report file, please set the "Show Parameter Settings in Synthesis Report" option in "Analysis and Synthesis Settings -> More Settings" to "Off".


+---------------------------------------------------------------------------------+
; Parameter Settings for User Entity Instance: bo:blocoOperativo|registrador:regP ;
+----------------+-------+--------------------------------------------------------+
; Parameter Name ; Value ; Type                                                   ;
+----------------+-------+--------------------------------------------------------+
; n              ; 8     ; Signed Integer                                         ;
+----------------+-------+--------------------------------------------------------+
Note: In order to hide this table in the UI and the text report file, please set the "Show Parameter Settings in Synthesis Report" option in "Analysis and Synthesis Settings -> More Settings" to "Off".


+-------------------------------------------------------------------------------------------+
; Parameter Settings for User Entity Instance: bo:blocoOperativo|somadorsubtrator:minusCont ;
+----------------+-------+------------------------------------------------------------------+
; Parameter Name ; Value ; Type                                                             ;
+----------------+-------+------------------------------------------------------------------+
; n              ; 8     ; Signed Integer                                                   ;
+----------------+-------+------------------------------------------------------------------+
Note: In order to hide this table in the UI and the text report file, please set the "Show Parameter Settings in Synthesis Report" option in "Analysis and Synthesis Settings -> More Settings" to "Off".


+----------------------------------------------------------------------------------+
; Parameter Settings for User Entity Instance: bo:blocoOperativo|mux2para1:muxCont ;
+----------------+-------+---------------------------------------------------------+
; Parameter Name ; Value ; Type                                                    ;
+----------------+-------+---------------------------------------------------------+
; n              ; 8     ; Signed Integer                                          ;
+----------------+-------+---------------------------------------------------------+
Note: In order to hide this table in the UI and the text report file, please set the "Show Parameter Settings in Synthesis Report" option in "Analysis and Synthesis Settings -> More Settings" to "Off".


+------------------------------------------------------------------------------------+
; Parameter Settings for User Entity Instance: bo:blocoOperativo|registrador:regCont ;
+----------------+-------+-----------------------------------------------------------+
; Parameter Name ; Value ; Type                                                      ;
+----------------+-------+-----------------------------------------------------------+
; n              ; 8     ; Signed Integer                                            ;
+----------------+-------+-----------------------------------------------------------+
Note: In order to hide this table in the UI and the text report file, please set the "Show Parameter Settings in Synthesis Report" option in "Analysis and Synthesis Settings -> More Settings" to "Off".


+------------------------------------------------------------------------------------+
; Parameter Settings for User Entity Instance: bo:blocoOperativo|registrador:regMult ;
+----------------+-------+-----------------------------------------------------------+
; Parameter Name ; Value ; Type                                                      ;
+----------------+-------+-----------------------------------------------------------+
; n              ; 8     ; Signed Integer                                            ;
+----------------+-------+-----------------------------------------------------------+
Note: In order to hide this table in the UI and the text report file, please set the "Show Parameter Settings in Synthesis Report" option in "Analysis and Synthesis Settings -> More Settings" to "Off".


+-------------------------------------------------------------------------------------+
; Parameter Settings for User Entity Instance: bo:blocoOperativo|igualazero:compAZero ;
+----------------+-------+------------------------------------------------------------+
; Parameter Name ; Value ; Type                                                       ;
+----------------+-------+------------------------------------------------------------+
; n              ; 8     ; Signed Integer                                             ;
+----------------+-------+------------------------------------------------------------+
Note: In order to hide this table in the UI and the text report file, please set the "Show Parameter Settings in Synthesis Report" option in "Analysis and Synthesis Settings -> More Settings" to "Off".


+-------------------------------------------------------------------------------------+
; Parameter Settings for User Entity Instance: bo:blocoOperativo|igualazero:compBZero ;
+----------------+-------+------------------------------------------------------------+
; Parameter Name ; Value ; Type                                                       ;
+----------------+-------+------------------------------------------------------------+
; n              ; 8     ; Signed Integer                                             ;
+----------------+-------+------------------------------------------------------------+
Note: In order to hide this table in the UI and the text report file, please set the "Show Parameter Settings in Synthesis Report" option in "Analysis and Synthesis Settings -> More Settings" to "Off".


+----------------------------------------------------------------------------------------+
; Parameter Settings for User Entity Instance: bo:blocoOperativo|igualazero:compContZero ;
+----------------+-------+---------------------------------------------------------------+
; Parameter Name ; Value ; Type                                                          ;
+----------------+-------+---------------------------------------------------------------+
; n              ; 8     ; Signed Integer                                                ;
+----------------+-------+---------------------------------------------------------------+
Note: In order to hide this table in the UI and the text report file, please set the "Show Parameter Settings in Synthesis Report" option in "Analysis and Synthesis Settings -> More Settings" to "Off".


+-------------------------------------------------------------------+
; Port Connectivity Checks: "bo:blocoOperativo|registrador:regMult" ;
+-------+-------+----------+----------------------------------------+
; Port  ; Type  ; Severity ; Details                                ;
+-------+-------+----------+----------------------------------------+
; reset ; Input ; Info     ; Stuck at GND                           ;
+-------+-------+----------+----------------------------------------+


+-------------------------------------------------------------------+
; Port Connectivity Checks: "bo:blocoOperativo|registrador:regCont" ;
+-------+-------+----------+----------------------------------------+
; Port  ; Type  ; Severity ; Details                                ;
+-------+-------+----------+----------------------------------------+
; reset ; Input ; Info     ; Stuck at GND                           ;
+-------+-------+----------+----------------------------------------+


+-----------------------------------------------------------------+
; Port Connectivity Checks: "bo:blocoOperativo|mux2para1:muxCont" ;
+---------+-------+----------+------------------------------------+
; Port    ; Type  ; Severity ; Details                            ;
+---------+-------+----------+------------------------------------+
; a[7..4] ; Input ; Info     ; Stuck at GND                       ;
; a[2..0] ; Input ; Info     ; Stuck at GND                       ;
; a[3]    ; Input ; Info     ; Stuck at VCC                       ;
+---------+-------+----------+------------------------------------+


+-------------------------------------------------------------------------------------------------------------------+
; Port Connectivity Checks: "bo:blocoOperativo|somadorsubtrator:minusCont"                                          ;
+---------+--------+----------+-------------------------------------------------------------------------------------+
; Port    ; Type   ; Severity ; Details                                                                             ;
+---------+--------+----------+-------------------------------------------------------------------------------------+
; b[7..1] ; Input  ; Info     ; Stuck at GND                                                                        ;
; b[0]    ; Input  ; Info     ; Stuck at VCC                                                                        ;
; op      ; Input  ; Info     ; Stuck at VCC                                                                        ;
; cout    ; Output ; Info     ; Connected to dangling logic. Logic that only feeds a dangling port will be removed. ;
+---------+--------+----------+-------------------------------------------------------------------------------------+


+-----------------------------------------------------------------+
; Port Connectivity Checks: "bo:blocoOperativo|registrador:regPH" ;
+-------+-------+----------+--------------------------------------+
; Port  ; Type  ; Severity ; Details                              ;
+-------+-------+----------+--------------------------------------+
; reset ; Input ; Info     ; Stuck at GND                         ;
+-------+-------+----------+--------------------------------------+


+----------------------------------------------------------------------------------------------------------------+
; Port Connectivity Checks: "bo:blocoOperativo|somadorsubtrator:adderPHB"                                        ;
+------+--------+----------+-------------------------------------------------------------------------------------+
; Port ; Type   ; Severity ; Details                                                                             ;
+------+--------+----------+-------------------------------------------------------------------------------------+
; op   ; Input  ; Info     ; Stuck at GND                                                                        ;
; cout ; Output ; Info     ; Connected to dangling logic. Logic that only feeds a dangling port will be removed. ;
+------+--------+----------+-------------------------------------------------------------------------------------+


+----------------------------------------------------------------+
; Port Connectivity Checks: "bo:blocoOperativo|registrador:regB" ;
+-------+-------+----------+-------------------------------------+
; Port  ; Type  ; Severity ; Details                             ;
+-------+-------+----------+-------------------------------------+
; reset ; Input ; Info     ; Stuck at GND                        ;
+-------+-------+----------+-------------------------------------+


+----------------------------------------------------------------+
; Port Connectivity Checks: "bo:blocoOperativo|registrador:regA" ;
+-------+-------+----------+-------------------------------------+
; Port  ; Type  ; Severity ; Details                             ;
+-------+-------+----------+-------------------------------------+
; reset ; Input ; Info     ; Stuck at GND                        ;
+-------+-------+----------+-------------------------------------+


+-------------------------------+
; Elapsed Time Per Partition    ;
+----------------+--------------+
; Partition Name ; Elapsed Time ;
+----------------+--------------+
; Top            ; 00:00:00     ;
+----------------+--------------+


+-------------------------------+
; Analysis & Synthesis Messages ;
+-------------------------------+
Info: *******************************************************************
Info: Running Quartus II 64-Bit Analysis & Synthesis
    Info: Version 13.0.0 Build 156 04/24/2013 SJ Web Edition
    Info: Processing started: Mon Nov 09 22:15:41 2020
Info: Command: quartus_map --read_settings_files=on --write_settings_files=off multiplier2 -c multiplier2
Warning (20028): Parallel compilation is not licensed and has been disabled
Info (12021): Found 2 design units, including 1 entities, in source file multiplier2.vhd
    Info (12022): Found design unit 1: multiplier2-estrutura
    Info (12023): Found entity 1: multiplier2
Info (12021): Found 2 design units, including 1 entities, in source file somadorsubtrator.vhd
    Info (12022): Found design unit 1: somadorsubtrator-estrutura
    Info (12023): Found entity 1: somadorsubtrator
Info (12021): Found 2 design units, including 1 entities, in source file registrador.vhd
    Info (12022): Found design unit 1: registrador-estrutura
    Info (12023): Found entity 1: registrador
Info (12021): Found 2 design units, including 1 entities, in source file regextra.vhd
    Info (12022): Found design unit 1: regextra-comportamento
    Info (12023): Found entity 1: regextra
Info (12021): Found 2 design units, including 1 entities, in source file rbitshift.vhd
    Info (12022): Found design unit 1: rbitshift-estrutura
    Info (12023): Found entity 1: rbitshift
Info (12021): Found 2 design units, including 1 entities, in source file mux2para1.vhd
    Info (12022): Found design unit 1: mux2para1-comportamento
    Info (12023): Found entity 1: mux2para1
Info (12021): Found 2 design units, including 1 entities, in source file mux1.vhd
    Info (12022): Found design unit 1: mux1-comportamento
    Info (12023): Found entity 1: mux1
Info (12021): Found 2 design units, including 1 entities, in source file multiplier2_tb.vhd
    Info (12022): Found design unit 1: multiplier2_tb-tb
    Info (12023): Found entity 1: multiplier2_tb
Info (12021): Found 1 design units, including 0 entities, in source file multiplier2_pkg.vhd
    Info (12022): Found design unit 1: multiplier2_pkg
Info (12021): Found 2 design units, including 1 entities, in source file igualazero.vhd
    Info (12022): Found design unit 1: igualazero-estrutura
    Info (12023): Found entity 1: igualazero
Info (12021): Found 2 design units, including 1 entities, in source file igualaum.vhd
    Info (12022): Found design unit 1: igualaum-estrutura
    Info (12023): Found entity 1: igualaum
Info (12021): Found 2 design units, including 1 entities, in source file flip_flop.vhd
    Info (12022): Found design unit 1: flip_flop-comportamento
    Info (12023): Found entity 1: flip_flop
Info (12021): Found 2 design units, including 1 entities, in source file bo.vhd
    Info (12022): Found design unit 1: bo-bhv
    Info (12023): Found entity 1: bo
Info (12021): Found 2 design units, including 1 entities, in source file bc.vhd
    Info (12022): Found design unit 1: bc-bhv
    Info (12023): Found entity 1: bc
Info (12127): Elaborating entity "multiplier2" for the top level hierarchy
Info (12128): Elaborating entity "bo" for hierarchy "bo:blocoOperativo"
Warning (10036): Verilog HDL or VHDL warning at bo.vhd(92): object "coutPHB" assigned a value but never read
Warning (10036): Verilog HDL or VHDL warning at bo.vhd(92): object "coutCont" assigned a value but never read
Info (12128): Elaborating entity "rbitshift" for hierarchy "bo:blocoOperativo|rbitshift:rbitshiftA"
Info (12128): Elaborating entity "mux2para1" for hierarchy "bo:blocoOperativo|mux2para1:muxA"
Info (12128): Elaborating entity "registrador" for hierarchy "bo:blocoOperativo|registrador:regA"
Warning (10492): VHDL Process Statement warning at registrador.vhd(16): signal "reset" is read inside the Process Statement but isn't in the Process Statement's sensitivity list
Warning (10492): VHDL Process Statement warning at registrador.vhd(18): signal "carga" is read inside the Process Statement but isn't in the Process Statement's sensitivity list
Info (12128): Elaborating entity "somadorsubtrator" for hierarchy "bo:blocoOperativo|somadorsubtrator:adderPHB"
Info (12128): Elaborating entity "igualazero" for hierarchy "bo:blocoOperativo|igualazero:compAZero"
Info (12128): Elaborating entity "igualaum" for hierarchy "bo:blocoOperativo|igualaum:compAZeroUm"
Info (12128): Elaborating entity "bc" for hierarchy "bc:blocoControle"
Warning (13024): Output pins are stuck at VCC or GND
    Warning (13410): Pin "mult[0]" is stuck at GND
    Warning (13410): Pin "mult[1]" is stuck at GND
    Warning (13410): Pin "mult[2]" is stuck at GND
    Warning (13410): Pin "mult[3]" is stuck at GND
    Warning (13410): Pin "mult[4]" is stuck at GND
    Warning (13410): Pin "mult[5]" is stuck at GND
    Warning (13410): Pin "mult[6]" is stuck at GND
    Warning (13410): Pin "mult[7]" is stuck at GND
    Warning (13410): Pin "mult[8]" is stuck at GND
    Warning (13410): Pin "mult[9]" is stuck at GND
    Warning (13410): Pin "mult[10]" is stuck at GND
    Warning (13410): Pin "mult[11]" is stuck at GND
    Warning (13410): Pin "mult[12]" is stuck at GND
    Warning (13410): Pin "mult[13]" is stuck at GND
    Warning (13410): Pin "mult[14]" is stuck at GND
    Warning (13410): Pin "mult[15]" is stuck at GND
Info (17049): 31 registers lost all their fanouts during netlist optimizations.
Info (16010): Generating hard_block partition "hard_block:auto_generated_inst"
    Info (16011): Adding 0 node(s), including 0 DDIO, 0 PLL, 0 transceiver and 0 LCELL
Warning (21074): Design contains 20 input pin(s) that do not drive logic
    Warning (15610): No output dependent on input pin "pronto"
    Warning (15610): No output dependent on input pin "iniciar"
    Warning (15610): No output dependent on input pin "clk"
    Warning (15610): No output dependent on input pin "reset"
    Warning (15610): No output dependent on input pin "entB[0]"
    Warning (15610): No output dependent on input pin "entB[1]"
    Warning (15610): No output dependent on input pin "entB[2]"
    Warning (15610): No output dependent on input pin "entB[3]"
    Warning (15610): No output dependent on input pin "entB[4]"
    Warning (15610): No output dependent on input pin "entB[5]"
    Warning (15610): No output dependent on input pin "entB[6]"
    Warning (15610): No output dependent on input pin "entB[7]"
    Warning (15610): No output dependent on input pin "entA[0]"
    Warning (15610): No output dependent on input pin "entA[1]"
    Warning (15610): No output dependent on input pin "entA[2]"
    Warning (15610): No output dependent on input pin "entA[3]"
    Warning (15610): No output dependent on input pin "entA[4]"
    Warning (15610): No output dependent on input pin "entA[5]"
    Warning (15610): No output dependent on input pin "entA[6]"
    Warning (15610): No output dependent on input pin "entA[7]"
Info (21057): Implemented 36 device resources after synthesis - the final resource count might be different
    Info (21058): Implemented 20 input pins
    Info (21059): Implemented 16 output pins
Info: Quartus II 64-Bit Analysis & Synthesis was successful. 0 errors, 43 warnings
    Info: Peak virtual memory: 4627 megabytes
    Info: Processing ended: Mon Nov 09 22:15:43 2020
    Info: Elapsed time: 00:00:02
    Info: Total CPU time (on all processors): 00:00:02


