Flow report for multiplier
Thu Oct 22 09:44:01 2020
Quartus II 64-Bit Version 13.0.1 Build 232 06/12/2013 Service Pack 1 SJ Web Edition


---------------------
; Table of Contents ;
---------------------
  1. Legal Notice
  2. Flow Summary
  3. Flow Settings
  4. Flow Non-Default Global Settings
  5. Flow Elapsed Time
  6. Flow OS Summary
  7. Flow Log
  8. Flow Messages
  9. Flow Suppressed Messages



----------------
; Legal Notice ;
----------------
Copyright (C) 1991-2013 Altera Corporation
Your use of Altera Corporation's design tools, logic functions 
and other software and tools, and its AMPP partner logic 
functions, and any output files from any of the foregoing 
(including device programming or simulation files), and any 
associated documentation or information are expressly subject 
to the terms and conditions of the Altera Program License 
Subscription Agreement, Altera MegaCore Function License 
Agreement, or other applicable license agreement, including, 
without limitation, that your use is for the sole purpose of 
programming logic devices manufactured by Altera and sold by 
Altera or its authorized distributors.  Please refer to the 
applicable agreement for further details.



+--------------------------------------------------------------------------------------+
; Flow Summary                                                                         ;
+------------------------------------+-------------------------------------------------+
; Flow Status                        ; Successful - Thu Oct 22 09:44:01 2020           ;
; Quartus II 64-Bit Version          ; 13.0.1 Build 232 06/12/2013 SP 1 SJ Web Edition ;
; Revision Name                      ; multiplier                                      ;
; Top-level Entity Name              ; bc                                              ;
; Family                             ; Cyclone II                                      ;
; Device                             ; EP2C35F672C6                                    ;
; Timing Models                      ; Final                                           ;
; Total logic elements               ; 16 / 33,216 ( < 1 % )                           ;
;     Total combinational functions  ; 15 / 33,216 ( < 1 % )                           ;
;     Dedicated logic registers      ; 6 / 33,216 ( < 1 % )                            ;
; Total registers                    ; 6                                               ;
; Total pins                         ; 10 / 475 ( 2 % )                                ;
; Total virtual pins                 ; 0                                               ;
; Total memory bits                  ; 0 / 483,840 ( 0 % )                             ;
; Embedded Multiplier 9-bit elements ; 0 / 70 ( 0 % )                                  ;
; Total PLLs                         ; 0 / 4 ( 0 % )                                   ;
+------------------------------------+-------------------------------------------------+


+-----------------------------------------+
; Flow Settings                           ;
+-------------------+---------------------+
; Option            ; Setting             ;
+-------------------+---------------------+
; Start date & time ; 10/22/2020 09:43:47 ;
; Main task         ; Compilation         ;
; Revision Name     ; multiplier          ;
+-------------------+---------------------+


+-------------------------------------------------------------------------------------------------------------+
; Flow Non-Default Global Settings                                                                            ;
+-------------------------------------+------------------------+---------------+-------------+----------------+
; Assignment Name                     ; Value                  ; Default Value ; Entity Name ; Section Id     ;
+-------------------------------------+------------------------+---------------+-------------+----------------+
; COMPILER_SIGNATURE_ID               ; 0.160337062712282      ; --            ; --          ; --             ;
; EDA_OUTPUT_DATA_FORMAT              ; Vhdl                   ; --            ; --          ; eda_simulation ;
; EDA_SIMULATION_TOOL                 ; ModelSim-Altera (VHDL) ; <None>        ; --          ; --             ;
; MAX_CORE_JUNCTION_TEMP              ; 85                     ; --            ; --          ; --             ;
; MIN_CORE_JUNCTION_TEMP              ; 0                      ; --            ; --          ; --             ;
; PARTITION_COLOR                     ; 16764057               ; --            ; bc          ; Top            ;
; PARTITION_FITTER_PRESERVATION_LEVEL ; PLACEMENT_AND_ROUTING  ; --            ; bc          ; Top            ;
; PARTITION_NETLIST_TYPE              ; SOURCE                 ; --            ; bc          ; Top            ;
; PROJECT_OUTPUT_DIRECTORY            ; output_files           ; --            ; --          ; --             ;
; TOP_LEVEL_ENTITY                    ; bc                     ; multiplier    ; --          ; --             ;
+-------------------------------------+------------------------+---------------+-------------+----------------+


+-------------------------------------------------------------------------------------------------------------------------------+
; Flow Elapsed Time                                                                                                             ;
+---------------------------+--------------+-------------------------+---------------------+------------------------------------+
; Module Name               ; Elapsed Time ; Average Processors Used ; Peak Virtual Memory ; Total CPU Time (on all processors) ;
+---------------------------+--------------+-------------------------+---------------------+------------------------------------+
; Analysis & Synthesis      ; 00:00:01     ; 1.0                     ; 581 MB              ; 00:00:01                           ;
; Fitter                    ; 00:00:04     ; 1.0                     ; 707 MB              ; 00:00:05                           ;
; Assembler                 ; 00:00:01     ; 1.0                     ; 540 MB              ; 00:00:02                           ;
; TimeQuest Timing Analyzer ; 00:00:01     ; 1.0                     ; 497 MB              ; 00:00:00                           ;
; EDA Netlist Writer        ; 00:00:00     ; 1.0                     ; 777 MB              ; 00:00:00                           ;
; Total                     ; 00:00:07     ; --                      ; --                  ; 00:00:08                           ;
+---------------------------+--------------+-------------------------+---------------------+------------------------------------+


+-----------------------------------------------------------------------------------------+
; Flow OS Summary                                                                         ;
+---------------------------+------------------+------------+------------+----------------+
; Module Name               ; Machine Hostname ; OS Name    ; OS Version ; Processor type ;
+---------------------------+------------------+------------+------------+----------------+
; Analysis & Synthesis      ; kovir            ; Arch Linux ; Arch Linux ; x86_64         ;
; Fitter                    ; kovir            ; Arch Linux ; Arch Linux ; x86_64         ;
; Assembler                 ; kovir            ; Arch Linux ; Arch Linux ; x86_64         ;
; TimeQuest Timing Analyzer ; kovir            ; Arch Linux ; Arch Linux ; x86_64         ;
; EDA Netlist Writer        ; kovir            ; Arch Linux ; Arch Linux ; x86_64         ;
+---------------------------+------------------+------------+------------+----------------+


------------
; Flow Log ;
------------
quartus_map --read_settings_files=on --write_settings_files=off multiplier -c multiplier
quartus_fit --read_settings_files=off --write_settings_files=off multiplier -c multiplier
quartus_asm --read_settings_files=off --write_settings_files=off multiplier -c multiplier
quartus_sta multiplier -c multiplier
quartus_eda --read_settings_files=off --write_settings_files=off multiplier -c multiplier



